INFO main net.sf.ghost4j.Ghostscript - GPL Ghostscript 9.14 (2014-03-26)
INFO main net.sf.ghost4j.Ghostscript - Copyright (C) 2014 Artifex Software, Inc.  All rights reserved.
INFO main net.sf.ghost4j.Ghostscript - This software comes with NO WARRANTY: see the file PUBLIC for details.
INFO main net.sf.ghost4j.Ghostscript - Processing pages 1 through 1.
INFO main net.sf.ghost4j.Ghostscript - Page 1
INFO main net.sf.ghost4j.Ghostscript - GPL Ghostscript 9.14 (2014-03-26)
INFO main net.sf.ghost4j.Ghostscript - Copyright (C) 2014 Artifex Software, Inc.  All rights reserved.
INFO main net.sf.ghost4j.Ghostscript - This software comes with NO WARRANTY: see the file PUBLIC for details.
INFO main net.sf.ghost4j.Ghostscript - Processing pages 1 through 1.
INFO main net.sf.ghost4j.Ghostscript - Page 1
INFO main net.sf.ghost4j.Ghostscript - GPL Ghostscript 9.09 (2013-08-21)
INFO main net.sf.ghost4j.Ghostscript - Copyright (C) 2012 Artifex Software, Inc.  All rights reserved.
INFO main net.sf.ghost4j.Ghostscript - This software comes with NO WARRANTY: see the file PUBLIC for details.
INFO main net.sf.ghost4j.Ghostscript - Processing pages 1 through 1.
INFO main net.sf.ghost4j.Ghostscript - Page 1
INFO main net.sf.ghost4j.Ghostscript - GPL Ghostscript 9.09 (2013-08-21)
INFO main net.sf.ghost4j.Ghostscript - Copyright (C) 2012 Artifex Software, Inc.  All rights reserved.
INFO main net.sf.ghost4j.Ghostscript - This software comes with NO WARRANTY: see the file PUBLIC for details.
INFO main net.sf.ghost4j.Ghostscript - Processing pages 1 through 1.
INFO main net.sf.ghost4j.Ghostscript - Page 1
INFO main net.sf.ghost4j.Ghostscript - GPL Ghostscript 9.09 (2013-08-21)
INFO main net.sf.ghost4j.Ghostscript - Copyright (C) 2012 Artifex Software, Inc.  All rights reserved.
INFO main net.sf.ghost4j.Ghostscript - This software comes with NO WARRANTY: see the file PUBLIC for details.
INFO main net.sf.ghost4j.Ghostscript - Processing pages 1 through 1.
INFO main net.sf.ghost4j.Ghostscript - Page 1
INFO main net.sf.ghost4j.Ghostscript - GPL Ghostscript 9.09 (2013-08-21)
INFO main net.sf.ghost4j.Ghostscript - Copyright (C) 2012 Artifex Software, Inc.  All rights reserved.
INFO main net.sf.ghost4j.Ghostscript - This software comes with NO WARRANTY: see the file PUBLIC for details.
INFO main net.sf.ghost4j.Ghostscript - Processing pages 1 through 1.
INFO main net.sf.ghost4j.Ghostscript - Page 1
